<?xml version="1.0" encoding="UTF-8"?>
<testng-results ignored="0" total="1" passed="1" failed="0" skipped="0">
  <reporter-output>
  </reporter-output>
  <suite started-at="2024-05-12T17:51:56 IST" name="Default suite" finished-at="2024-05-12T17:51:59 IST" duration-ms="2979">
    <groups>
    </groups>
    <test started-at="2024-05-12T17:51:56 IST" name="Default test" finished-at="2024-05-12T17:51:59 IST" duration-ms="2979">
      <class name="com.testingapi.demo.working.JiraApi">
        <test-method signature="jiraApilogin()[pri:0, instance:com.testingapi.demo.working.JiraApi@3c77d488]" started-at="2024-05-12T17:51:56 IST" name="jiraApilogin" finished-at="2024-05-12T17:51:59 IST" duration-ms="2917" status="PASS">
          <reporter-output>
          </reporter-output>
        </test-method> <!-- jiraApilogin -->
      </class> <!-- com.testingapi.demo.working.JiraApi -->
    </test> <!-- Default test -->
  </suite> <!-- Default suite -->
</testng-results>
