<?xml version="1.0" encoding="UTF-8"?>
<testng-results ignored="0" total="1" passed="1" failed="0" skipped="0">
  <reporter-output>
  </reporter-output>
  <suite started-at="2024-05-14T14:59:51 IST" name="Default suite" finished-at="2024-05-14T14:59:53 IST" duration-ms="2420">
    <groups>
    </groups>
    <test started-at="2024-05-14T14:59:51 IST" name="Default test" finished-at="2024-05-14T14:59:53 IST" duration-ms="2420">
      <class name="com.testingapi.demo.pojo.Serialization">
        <test-method signature="ss()[pri:0, instance:com.testingapi.demo.pojo.Serialization@738dc9b]" started-at="2024-05-14T14:59:51 IST" name="ss" finished-at="2024-05-14T14:59:53 IST" duration-ms="2365" status="PASS">
          <reporter-output>
          </reporter-output>
        </test-method> <!-- ss -->
      </class> <!-- com.testingapi.demo.pojo.Serialization -->
    </test> <!-- Default test -->
  </suite> <!-- Default suite -->
</testng-results>
